\BOOKMARK [1][-]{section.1}{Introduction}{}% 1
\BOOKMARK [1][-]{section.2}{Entailment}{}% 2
\BOOKMARK [2][-]{subsection.2.1}{Experiment 1a: Is A and not B contradictory?}{section.2}% 3
\BOOKMARK [3][-]{subsubsection.2.1.1}{Methods}{subsection.2.1}% 4
\BOOKMARK [3][-]{subsubsection.2.1.2}{Results}{subsection.2.1}% 5
\BOOKMARK [3][-]{subsubsection.2.1.3}{Discussion}{subsection.2.1}% 6
\BOOKMARK [2][-]{subsection.2.2}{Experiment 1b: How likely is B given A?}{section.2}% 7
\BOOKMARK [3][-]{subsubsection.2.2.1}{Methods}{subsection.2.2}% 8
\BOOKMARK [3][-]{subsubsection.2.2.2}{Results}{subsection.2.2}% 9
\BOOKMARK [3][-]{subsubsection.2.2.3}{Discussion}{subsection.2.2}% 10
\BOOKMARK [2][-]{subsection.2.3}{Interim summary}{section.2}% 11
\BOOKMARK [1][-]{section.3}{Experiment 2: Projectivity}{}% 12
\BOOKMARK [2][-]{subsection.3.1}{Methods}{section.3}% 13
\BOOKMARK [2][-]{subsection.3.2}{Results}{section.3}% 14
\BOOKMARK [2][-]{subsection.3.3}{Discussion}{section.3}% 15
\BOOKMARK [1][-]{section.4}{Discussion}{}% 16
\BOOKMARK [1][-]{section.5}{Conclusions}{}% 17
\BOOKMARK [1][-]{appendix.A}{Norming study: Prior probabilities of events}{}% 18
\BOOKMARK [2][-]{subsection.A.1}{Methods}{appendix.A}% 19
\BOOKMARK [2][-]{subsection.A.2}{Results and discussion}{appendix.A}% 20
\BOOKMARK [1][-]{appendix.B}{Control stimuli in Exp. 2}{}% 21
\BOOKMARK [1][-]{appendix.C}{Materials used in the event probability norming study}{}% 22
\BOOKMARK [1][-]{appendix.D}{Materials used in Exp 2}{}% 23
\BOOKMARK [1][-]{appendix.E}{Materials used in Exp 3}{}% 24
